Started at Wed Nov 18 08:23:27 GMT 2020
Processing AddJob(Git)
Offering AddJob(Git) to Project Build Discarder
Processing AddJob(Local)
Offering AddJob(Local) to Project Build Discarder
Processing FIRST
Offering FIRST to Project Build Discarder
Processing FIRST/Com_Platform:Community_Platform
Offering FIRST/Com_Platform:Community_Platform to Project Build Discarder
Processing AddJob(Local)/Com_Platform:Community_Platform
Offering AddJob(Local)/Com_Platform:Community_Platform to Project Build Discarder
Finished at Wed Nov 18 08:23:27 GMT 2020. 99ms
Started at Wed Nov 18 09:23:27 GMT 2020
Processing AddJob(Git)
Offering AddJob(Git) to Project Build Discarder
Processing AddJob(Local)
Offering AddJob(Local) to Project Build Discarder
Processing FIRST
Offering FIRST to Project Build Discarder
Processing FIRST/Com_Platform:Community_Platform
Offering FIRST/Com_Platform:Community_Platform to Project Build Discarder
Processing AddJob(Local)/Com_Platform:Community_Platform
Offering AddJob(Local)/Com_Platform:Community_Platform to Project Build Discarder
Finished at Wed Nov 18 09:23:27 GMT 2020. 76ms
Started at Wed Nov 18 10:23:27 GMT 2020
Processing AddJob(Git)
Offering AddJob(Git) to Project Build Discarder
Processing AddJob(Local)
Offering AddJob(Local) to Project Build Discarder
Processing FIRST
Offering FIRST to Project Build Discarder
Processing FIRST/Com_Platform:Community_Platform
Offering FIRST/Com_Platform:Community_Platform to Project Build Discarder
Processing AddJob(Local)/Com_Platform:Community_Platform
Offering AddJob(Local)/Com_Platform:Community_Platform to Project Build Discarder
Finished at Wed Nov 18 10:23:27 GMT 2020. 93ms
Started at Wed Nov 18 11:23:26 GMT 2020
Processing AddJob(Git)
Offering AddJob(Git) to Project Build Discarder
Processing AddJob(Local)
Offering AddJob(Local) to Project Build Discarder
Processing FIRST
Offering FIRST to Project Build Discarder
Processing FIRST/Com_Platform:Community_Platform
Offering FIRST/Com_Platform:Community_Platform to Project Build Discarder
Processing AddJob(Local)/Com_Platform:Community_Platform
Offering AddJob(Local)/Com_Platform:Community_Platform to Project Build Discarder
Finished at Wed Nov 18 11:23:26 GMT 2020. 142ms
Started at Wed Nov 18 13:00:02 GMT 2020
Processing AddJob(Git)
Offering AddJob(Git) to Project Build Discarder
Processing AddJob(Local)
Offering AddJob(Local) to Project Build Discarder
Processing FIRST
Offering FIRST to Project Build Discarder
Processing FIRST/Com_Platform:Community_Platform
Offering FIRST/Com_Platform:Community_Platform to Project Build Discarder
Processing AddJob(Local)/Com_Platform:Community_Platform
Offering AddJob(Local)/Com_Platform:Community_Platform to Project Build Discarder
Finished at Wed Nov 18 13:00:14 GMT 2020. 11567ms
Started at Wed Nov 18 13:23:26 GMT 2020
Processing AddJob(Git)
Offering AddJob(Git) to Project Build Discarder
Processing AddJob(Local)
Offering AddJob(Local) to Project Build Discarder
Processing FIRST
Offering FIRST to Project Build Discarder
Processing FIRST/Com_Platform:Community_Platform
Offering FIRST/Com_Platform:Community_Platform to Project Build Discarder
Processing AddJob(Local)/Com_Platform:Community_Platform
Offering AddJob(Local)/Com_Platform:Community_Platform to Project Build Discarder
Finished at Wed Nov 18 13:23:26 GMT 2020. 3ms
Started at Wed Nov 18 14:23:26 GMT 2020
Processing AddJob(Git)
Offering AddJob(Git) to Project Build Discarder
Processing AddJob(Local)
Offering AddJob(Local) to Project Build Discarder
Processing FIRST
Offering FIRST to Project Build Discarder
Processing FIRST/Com_Platform:Community_Platform
Offering FIRST/Com_Platform:Community_Platform to Project Build Discarder
Processing AddJob(Local)/Com_Platform:Community_Platform
Offering AddJob(Local)/Com_Platform:Community_Platform to Project Build Discarder
Finished at Wed Nov 18 14:23:26 GMT 2020. 13ms
Started at Wed Nov 18 15:24:01 GMT 2020
Processing AddJob(Git)
Offering AddJob(Git) to Project Build Discarder
Processing AddJob(Local)
Offering AddJob(Local) to Project Build Discarder
Processing FIRST
Offering FIRST to Project Build Discarder
Processing FIRST/Com_Platform:Community_Platform
Offering FIRST/Com_Platform:Community_Platform to Project Build Discarder
Processing AddJob(Local)/Com_Platform:Community_Platform
Offering AddJob(Local)/Com_Platform:Community_Platform to Project Build Discarder
Finished at Wed Nov 18 15:24:03 GMT 2020. 2328ms
